Compilación iniciada a las 11/05/2017 15:07:00.
     1>Proyecto "C:\Users\Javi\Documents\UNI\Info Industr\Stickman-Empire\Stickman Empire\Stickman Empire.vcxproj" en el nodo 2 (Build destinos).
     1>ClCompile:
         C:\Program Files (x86)\Microsoft Visual Studio 11.0\VC\bin\CL.exe /c /I"C:\Users\Javi\Documents\UNI\Info Industr\Stickman-Empire\SDL-1.2.15\include" /ZI /nologo /W3 /WX- /Od /Oy- /D _MBCS /Gm /EHsc /RTC1 /MDd /GS /fp:precise /Zc:wchar_t /Zc:forScope /Fo"Debug\\" /Fd"Debug\vc110.pdb" /Gd /TP /analyze- /errorReport:prompt mundo.cpp personaje.cpp
         personaje.cpp
     1>c:\users\javi\documents\uni\info industr\stickman-empire\stickman empire\personaje.cpp(27): warning C4244: 'argumento' : conversión de 'unsigned int' a 'float'; posible pérdida de datos
         Generando código...
         Omitiendo... (no se detectaron cambios relevantes)
         mundo.cpp
       Link:
         C:\Program Files (x86)\Microsoft Visual Studio 11.0\VC\bin\link.exe /ERRORREPORT:PROMPT /OUT:"C:\Users\Javi\Documents\UNI\Info Industr\Stickman-Empire\Debug\Stickman Empire.exe" /INCREMENTAL /NOLOGO kernel32.lib user32.lib gdi32.lib winspool.lib comdlg32.lib advapi32.lib shell32.lib ole32.lib oleaut32.lib uuid.lib odbc32.lib odbccp32.lib /MANIFEST /MANIFESTUAC:"level='asInvoker' uiAccess='false'" /manifest:embed /DEBUG /PDB:"C:\Users\Javi\Documents\UNI\Info Industr\Stickman-Empire\Debug\Stickman Empire.pdb" /TLBID:1 /DYNAMICBASE /NXCOMPAT /IMPLIB:"C:\Users\Javi\Documents\UNI\Info Industr\Stickman-Empire\Debug\Stickman Empire.lib" /MACHINE:X86 Debug\animaciones.obj
         Debug\ayuntamiento.obj
         Debug\Color.obj
         Debug\Cuartel.obj
         Debug\Disparo.obj
         Debug\edificio.obj
         Debug\Fabrica.obj
         Debug\Interaccion.obj
         Debug\Jugador.obj
         Debug\Mapa.obj
         Debug\mundo.obj
         Debug\Objeto.obj
         Debug\personaje.obj
         Debug\Recursos.obj
         Debug\JUEGO.obj
         Debug\vector.obj
         SDL.lib
     1>LINK : fatal error LNK1561: se debe definir el punto de entrada
     1>Compilación del proyecto terminada "C:\Users\Javi\Documents\UNI\Info Industr\Stickman-Empire\Stickman Empire\Stickman Empire.vcxproj" (Build destinos) -- ERROR.

ERROR al compilar.

Tiempo transcurrido 00:00:00.54
