Compilación iniciada a las 17/05/2017 14:46:08.
     1>Proyecto "C:\Users\Javi\Documents\UNI\Info Industr\Stickman-Empire\SDL2-2.0.5\VisualC\SDL\SDL.vcxproj" en el nodo 2 (Build destinos).
     1>Link:
         C:\Program Files (x86)\Microsoft Visual Studio 11.0\VC\bin\link.exe /ERRORREPORT:PROMPT /OUT:"C:\Users\Javi\Documents\UNI\Info Industr\Stickman-Empire\SDL2-2.0.5\VisualC\SDL\Win32\Debug\SDL2.dll" /NOLOGO winmm.lib imm32.lib version.lib kernel32.lib user32.lib gdi32.lib winspool.lib comdlg32.lib advapi32.lib shell32.lib ole32.lib oleaut32.lib uuid.lib odbc32.lib odbccp32.lib /NODEFAULTLIB /MANIFEST /MANIFESTUAC:"level='asInvoker' uiAccess='false'" /manifest:embed /DEBUG /PDB:"C:\Users\Javi\Documents\UNI\Info Industr\Stickman-Empire\SDL2-2.0.5\VisualC\SDL\Win32\Debug\SDL2.pdb" /SUBSYSTEM:WINDOWS /TLBID:1 /DYNAMICBASE /NXCOMPAT /IMPLIB:"C:\Users\Javi\Documents\UNI\Info Industr\Stickman-Empire\SDL2-2.0.5\VisualC\SDL\Win32\Debug\SDL2.lib" /MACHINE:X86 /SAFESEH /DLL Win32\Debug\version.res
         Win32\Debug\e_atan2.obj
         Win32\Debug\e_log.obj
         Win32\Debug\e_pow.obj
         Win32\Debug\e_rem_pio2.obj
         Win32\Debug\e_sqrt.obj
         Win32\Debug\k_cos.obj
         Win32\Debug\k_rem_pio2.obj
         Win32\Debug\k_sin.obj
         Win32\Debug\k_tan.obj
         Win32\Debug\s_atan.obj
         Win32\Debug\s_copysign.obj
         Win32\Debug\s_cos.obj
         Win32\Debug\s_fabs.obj
         Win32\Debug\s_floor.obj
         Win32\Debug\s_scalbn.obj
         Win32\Debug\s_sin.obj
         Win32\Debug\s_tan.obj
         Win32\Debug\SDL.obj
         Win32\Debug\SDL_assert.obj
         Win32\Debug\SDL_atomic.obj
         Win32\Debug\SDL_audio.obj
         Win32\Debug\SDL_audiocvt.obj
         Win32\Debug\SDL_audiodev.obj
         Win32\Debug\SDL_audiotypecvt.obj
         Win32\Debug\SDL_blendfillrect.obj
         Win32\Debug\SDL_blendline.obj
         Win32\Debug\SDL_blendpoint.obj
         Win32\Debug\SDL_blit.obj
         Win32\Debug\SDL_blit_0.obj
         Win32\Debug\SDL_blit_1.obj
         Win32\Debug\SDL_blit_A.obj
         Win32\Debug\SDL_blit_auto.obj
         Win32\Debug\SDL_blit_copy.obj
         Win32\Debug\SDL_blit_N.obj
         Win32\Debug\SDL_blit_slow.obj
         Win32\Debug\SDL_bmp.obj
         Win32\Debug\SDL_clipboard.obj
         Win32\Debug\SDL_clipboardevents.obj
         Win32\Debug\SDL_cpuinfo.obj
         Win32\Debug\SDL_d3dmath.obj
         Win32\Debug\SDL_dinputhaptic.obj
         Win32\Debug\SDL_dinputjoystick.obj
         Win32\Debug\SDL_directsound.obj
         Win32\Debug\SDL_diskaudio.obj
         Win32\Debug\SDL_drawline.obj
         Win32\Debug\SDL_drawpoint.obj
         Win32\Debug\SDL_dropevents.obj
         Win32\Debug\SDL_dummyaudio.obj
         Win32\Debug\SDL_dynapi.obj
         Win32\Debug\SDL_egl.obj
         Win32\Debug\SDL_error.obj
         Win32\Debug\SDL_events.obj
         Win32\Debug\SDL_fillrect.obj
         Win32\Debug\SDL_gamecontroller.obj
         Win32\Debug\SDL_gesture.obj
         Win32\Debug\SDL_getenv.obj
         Win32\Debug\SDL_haptic.obj
         Win32\Debug\SDL_hints.obj
         Win32\Debug\SDL_iconv.obj
         Win32\Debug\SDL_joystick.obj
         Win32\Debug\SDL_keyboard.obj
         Win32\Debug\SDL_log.obj
         Win32\Debug\SDL_malloc.obj
         Win32\Debug\SDL_mixer.obj
         Win32\Debug\SDL_mmjoystick.obj
         Win32\Debug\SDL_mouse.obj
         Win32\Debug\SDL_nullevents.obj
         Win32\Debug\SDL_nullframebuffer.obj
         Win32\Debug\SDL_nullvideo.obj
         Win32\Debug\SDL_pixels.obj
         Win32\Debug\SDL_power.obj
         Win32\Debug\SDL_qsort.obj
         Win32\Debug\SDL_quit.obj
         Win32\Debug\SDL_rect.obj
         Win32\Debug\SDL_render.obj
         Win32\Debug\SDL_render_d3d.obj
         Win32\Debug\SDL_render_d3d11.obj
         Win32\Debug\SDL_render_gl.obj
         Win32\Debug\SDL_render_gles2.obj
         Win32\Debug\SDL_render_sw.obj
         Win32\Debug\SDL_RLEaccel.obj
         Win32\Debug\SDL_rotate.obj
         Win32\Debug\SDL_rwops.obj
         Win32\Debug\SDL_shaders_gl.obj
         Win32\Debug\SDL_shaders_gles2.obj
         Win32\Debug\SDL_shape.obj
         Win32\Debug\SDL_spinlock.obj
         Win32\Debug\SDL_stdlib.obj
         Win32\Debug\SDL_stretch.obj
         Win32\Debug\SDL_string.obj
         Win32\Debug\SDL_surface.obj
         Win32\Debug\SDL_syscond.obj
         Win32\Debug\SDL_sysfilesystem.obj
         Win32\Debug\SDL_sysloadso.obj
         Win32\Debug\SDL_sysmutex.obj
         Win32\Debug\SDL_syspower.obj
         Win32\Debug\SDL_syssem.obj
         Win32\Debug\SDL_systhread.obj
         Win32\Debug\SDL_systimer.obj
         Win32\Debug\SDL_systls.obj
         Win32\Debug\SDL_thread.obj
         Win32\Debug\SDL_timer.obj
         Win32\Debug\SDL_touch.obj
         Win32\Debug\SDL_video.obj
         Win32\Debug\SDL_wave.obj
         Win32\Debug\SDL_windowevents.obj
         Win32\Debug\SDL_windows.obj
         Win32\Debug\SDL_windowsclipboard.obj
         Win32\Debug\SDL_windowsevents.obj
         Win32\Debug\SDL_windowsframebuffer.obj
         Win32\Debug\SDL_windowshaptic.obj
         Win32\Debug\SDL_windowsjoystick.obj
         Win32\Debug\SDL_windowskeyboard.obj
         Win32\Debug\SDL_windowsmessagebox.obj
         Win32\Debug\SDL_windowsmodes.obj
         Win32\Debug\SDL_windowsmouse.obj
         Win32\Debug\SDL_windowsopengl.obj
         Win32\Debug\SDL_windowsopengles.obj
         Win32\Debug\SDL_windowsshape.obj
         Win32\Debug\SDL_windowsvideo.obj
         Win32\Debug\SDL_windowswindow.obj
         Win32\Debug\SDL_winmm.obj
         Win32\Debug\SDL_xaudio2.obj
         Win32\Debug\SDL_xinput.obj
         Win32\Debug\SDL_xinputhaptic.obj
         Win32\Debug\SDL_xinputjoystick.obj
         Win32\Debug\SDL_yuv_mmx.obj
         Win32\Debug\SDL_yuv_sw.obj
            Creando biblioteca C:\Users\Javi\Documents\UNI\Info Industr\Stickman-Empire\SDL2-2.0.5\VisualC\SDL\Win32\Debug\SDL2.lib y objeto C:\Users\Javi\Documents\UNI\Info Industr\Stickman-Empire\SDL2-2.0.5\VisualC\SDL\Win32\Debug\SDL2.exp
         SDL.vcxproj -> C:\Users\Javi\Documents\UNI\Info Industr\Stickman-Empire\SDL2-2.0.5\VisualC\SDL\Win32\Debug\SDL2.dll
     1>Compilación del proyecto terminada "C:\Users\Javi\Documents\UNI\Info Industr\Stickman-Empire\SDL2-2.0.5\VisualC\SDL\SDL.vcxproj" (Build destinos).

Compilación correcta.

Tiempo transcurrido 00:00:01.20
